<?xml version="1.0" encoding="UTF-8"?>
<testsuite xmlns:xsi="http://www.w3.org/2001/XMLSchema-instance" xsi:noNamespaceSchemaLocation="https://maven.apache.org/surefire/maven-surefire-plugin/xsd/surefire-test-report.xsd" name="otherwisejunk.diamondnugs.spigot.plugin.AppTest" time="0.022" tests="1" errors="0" skipped="0" failures="0">
  <properties>
    <property name="sun.desktop" value="windows"/>
    <property name="awt.toolkit" value="sun.awt.windows.WToolkit"/>
    <property name="file.encoding.pkg" value="sun.io"/>
    <property name="java.specification.version" value="1.8"/>
    <property name="sun.cpu.isalist" value="amd64"/>
    <property name="sun.jnu.encoding" value="Cp1252"/>
    <property name="java.class.path" value="c:\Users\DartK\OneDrive\Desktop\GithubCollabsInitiative\DiamondNugs\DiamondNugs\target\test-classes;c:\Users\DartK\OneDrive\Desktop\GithubCollabsInitiative\DiamondNugs\DiamondNugs\target\classes;C:\Users\DartK\.m2\repository\junit\junit\4.11\junit-4.11.jar;C:\Users\DartK\.m2\repository\org\hamcrest\hamcrest-core\1.3\hamcrest-core-1.3.jar;C:\Users\DartK\.m2\repository\org\spigotmc\spigot-api\1.16.1-R0.1-SNAPSHOT\spigot-api-1.16.1-R0.1-SNAPSHOT.jar;C:\Users\DartK\.m2\repository\commons-lang\commons-lang\2.6\commons-lang-2.6.jar;C:\Users\DartK\.m2\repository\com\google\guava\guava\21.0\guava-21.0.jar;C:\Users\DartK\.m2\repository\com\google\code\gson\gson\2.8.0\gson-2.8.0.jar;C:\Users\DartK\.m2\repository\net\md-5\bungeecord-chat\1.16-R0.3\bungeecord-chat-1.16-R0.3.jar;C:\Users\DartK\.m2\repository\org\yaml\snakeyaml\1.26\snakeyaml-1.26.jar;"/>
    <property name="java.vm.vendor" value="Oracle Corporation"/>
    <property name="sun.arch.data.model" value="64"/>
    <property name="user.variant" value=""/>
    <property name="java.vendor.url" value="http://java.oracle.com/"/>
    <property name="user.timezone" value="America/New_York"/>
    <property name="java.vm.specification.version" value="1.8"/>
    <property name="os.name" value="Windows 10"/>
    <property name="user.country" value="US"/>
    <property name="sun.java.launcher" value="SUN_STANDARD"/>
    <property name="sun.boot.library.path" value="C:\Program Files\Java\jre1.8.0_261\bin"/>
    <property name="sun.java.command" value="C:\Users\DartK\AppData\Local\Temp\surefire620949336993733313\surefirebooter2564161437164258941.jar C:\Users\DartK\AppData\Local\Temp\surefire620949336993733313 2021-02-21T18-44-44_912-jvmRun1 surefire1199556977544117656tmp surefire_06882012332530518702tmp"/>
    <property name="surefire.test.class.path" value="c:\Users\DartK\OneDrive\Desktop\GithubCollabsInitiative\DiamondNugs\DiamondNugs\target\test-classes;c:\Users\DartK\OneDrive\Desktop\GithubCollabsInitiative\DiamondNugs\DiamondNugs\target\classes;C:\Users\DartK\.m2\repository\junit\junit\4.11\junit-4.11.jar;C:\Users\DartK\.m2\repository\org\hamcrest\hamcrest-core\1.3\hamcrest-core-1.3.jar;C:\Users\DartK\.m2\repository\org\spigotmc\spigot-api\1.16.1-R0.1-SNAPSHOT\spigot-api-1.16.1-R0.1-SNAPSHOT.jar;C:\Users\DartK\.m2\repository\commons-lang\commons-lang\2.6\commons-lang-2.6.jar;C:\Users\DartK\.m2\repository\com\google\guava\guava\21.0\guava-21.0.jar;C:\Users\DartK\.m2\repository\com\google\code\gson\gson\2.8.0\gson-2.8.0.jar;C:\Users\DartK\.m2\repository\net\md-5\bungeecord-chat\1.16-R0.3\bungeecord-chat-1.16-R0.3.jar;C:\Users\DartK\.m2\repository\org\yaml\snakeyaml\1.26\snakeyaml-1.26.jar;"/>
    <property name="sun.cpu.endian" value="little"/>
    <property name="user.home" value="C:\Users\DartK"/>
    <property name="user.language" value="en"/>
    <property name="java.specification.vendor" value="Oracle Corporation"/>
    <property name="java.home" value="C:\Program Files\Java\jre1.8.0_261"/>
    <property name="basedir" value="c:\Users\DartK\OneDrive\Desktop\GithubCollabsInitiative\DiamondNugs\DiamondNugs"/>
    <property name="file.separator" value="\"/>
    <property name="line.separator" value="&#10;"/>
    <property name="java.vm.specification.vendor" value="Oracle Corporation"/>
    <property name="java.specification.name" value="Java Platform API Specification"/>
    <property name="java.awt.graphicsenv" value="sun.awt.Win32GraphicsEnvironment"/>
    <property name="surefire.real.class.path" value="C:\Users\DartK\AppData\Local\Temp\surefire620949336993733313\surefirebooter2564161437164258941.jar"/>
    <property name="sun.boot.class.path" value="C:\Program Files\Java\jre1.8.0_261\lib\resources.jar;C:\Program Files\Java\jre1.8.0_261\lib\rt.jar;C:\Program Files\Java\jre1.8.0_261\lib\sunrsasign.jar;C:\Program Files\Java\jre1.8.0_261\lib\jsse.jar;C:\Program Files\Java\jre1.8.0_261\lib\jce.jar;C:\Program Files\Java\jre1.8.0_261\lib\charsets.jar;C:\Program Files\Java\jre1.8.0_261\lib\jfr.jar;C:\Program Files\Java\jre1.8.0_261\classes"/>
    <property name="user.script" value=""/>
    <property name="sun.management.compiler" value="HotSpot 64-Bit Tiered Compilers"/>
    <property name="java.runtime.version" value="1.8.0_261-b12"/>
    <property name="user.name" value="DartK"/>
    <property name="path.separator" value=";"/>
    <property name="os.version" value="10.0"/>
    <property name="java.endorsed.dirs" value="C:\Program Files\Java\jre1.8.0_261\lib\endorsed"/>
    <property name="java.runtime.name" value="Java(TM) SE Runtime Environment"/>
    <property name="file.encoding" value="Cp1252"/>
    <property name="java.vm.name" value="Java HotSpot(TM) 64-Bit Server VM"/>
    <property name="localRepository" value="C:\Users\DartK\.m2\repository"/>
    <property name="java.vendor.url.bug" value="http://bugreport.sun.com/bugreport/"/>
    <property name="java.io.tmpdir" value="C:\Users\DartK\AppData\Local\Temp\"/>
    <property name="java.version" value="1.8.0_261"/>
    <property name="user.dir" value="c:\Users\DartK\OneDrive\Desktop\GithubCollabsInitiative\DiamondNugs\DiamondNugs"/>
    <property name="os.arch" value="amd64"/>
    <property name="java.vm.specification.name" value="Java Virtual Machine Specification"/>
    <property name="java.awt.printerjob" value="sun.awt.windows.WPrinterJob"/>
    <property name="sun.os.patch.level" value=""/>
    <property name="java.library.path" value="C:\Program Files\Java\jre1.8.0_261\bin;C:\WINDOWS\Sun\Java\bin;C:\WINDOWS\system32;C:\WINDOWS;C:\Program Files\Oculus\Support\oculus-runtime;C:\Program Files (x86)\Common Files\Oracle\Java\javapath;C:\Program Files (x86)\Razer Chroma SDK\bin;C:\Program Files\Razer Chroma SDK\bin;C:\Windows\system32;C:\Windows;C:\Windows\System32\Wbem;C:\Windows\System32\WindowsPowerShell\v1.0\;C:\Users\DartK\AppData\Local\Microsoft\WindowsApps;C:\Program Files\Microsoft SQL Server\Client SDK\ODBC\130\Tools\Binn\;C:\Program Files (x86)\Microsoft SQL Server\140\Tools\Binn\;C:\Program Files\Microsoft SQL Server\140\Tools\Binn\;C:\Program Files\Microsoft SQL Server\140\DTS\Binn\;C:\Program Files\dotnet\;C:\Program Files\Microsoft SQL Server\130\Tools\Binn\;C:\Program Files (x86)\Microsoft SQL Server\Client SDK\ODBC\130\Tools\Binn\;C:\Program Files (x86)\Microsoft SQL Server\140\DTS\Binn\;C:\Program Files (x86)\Microsoft SQL Server\140\Tools\Binn\ManagementStudio\;C:\WINDOWS\system32;C:\WINDOWS;C:\WINDOWS\System32\Wbem;C:\WINDOWS\System32\WindowsPowerShell\v1.0\;C:\WINDOWS\System32\OpenSSH\;C:\Program Files\NVIDIA Corporation\NVIDIA NvDLISR;C:\Program Files\Microsoft SQL Server\Client SDK\ODBC\170\Tools\Binn\;C:\Program Files\Microsoft VS Code\bin;C:\Program Files\PuTTY\;C:\Program Files (x86)\NVIDIA Corporation\PhysX\Common;C:\WINDOWS\system32;C:\WINDOWS;C:\WINDOWS\System32\Wbem;C:\WINDOWS\System32\WindowsPowerShell\v1.0\;C:\WINDOWS\System32\OpenSSH\;C:\Program Files (x86)\Yarn\bin\;C:\ProgramData\chocolatey\bin;C:\Program Files\Git\cmd;C:\Program Files\nodejs\;C:\Program Files (x86)\dotnet\;C:\Program Files\Docker\Docker\resources\bin;C:\ProgramData\DockerDesktop\version-bin;C:\Users\DartK\AppData\Local\Programs\Python\Python37-32\Scripts\;C:\Users\DartK\AppData\Local\Programs\Python\Python37-32\;C:\Users\DartK\AppData\Local\Microsoft\WindowsApps;C:\Program Files\Microsoft VS Code\bin;C:\Users\DartK\flutter\bin;C:\Users\DartK\AppData\Local\Android\Sdk\platform-tools;C:\Users\DartK\AppData\Local\Android\Sdk\tools;C:\Users\DartK\AppData\Local\Android\Sdk\tools\bin;C:\Program Files\Java\jre-15\bin;C:\Users\DartK\AppData\Local\atom\bin;C:\Users\DartK\.dotnet\tools;C:\Users\DartK\AppData\Local\Yarn\bin;C:\MySqlCLI\bin;C:\Users\DartK\AppData\Local\Programs\Fiddler;C:\Users\DartK\AppData\Local\Microsoft\WindowsApps;C:\Program Files (x86)\GitHub CLI\;C:\Users\DartK\AppData\Roaming\npm;C:\ffmpeg\bin;C:\Users\DartK\.dotnet\tools;C:\nuget;C:\Users\DartK\AppData\Local\Keybase\;C:\OpenJDK\bin;C:\apache-maven-3.6.3\bin;;."/>
    <property name="java.vm.info" value="mixed mode"/>
    <property name="java.vendor" value="Oracle Corporation"/>
    <property name="java.vm.version" value="25.261-b12"/>
    <property name="java.ext.dirs" value="C:\Program Files\Java\jre1.8.0_261\lib\ext;C:\WINDOWS\Sun\Java\lib\ext"/>
    <property name="sun.io.unicode.encoding" value="UnicodeLittle"/>
    <property name="java.class.version" value="52.0"/>
  </properties>
  <testcase name="shouldAnswerWithTrue" classname="otherwisejunk.diamondnugs.spigot.plugin.AppTest" time="0.001"/>
</testsuite>